Arguments:
  /Users/luxueyan/.nvm/versions/node/v4.4.3/bin/node /Users/luxueyan/.nvm/versions/node/v4.4.3/bin/yarn install

PATH:
  /Users/luxueyan/.rvm/gems/ruby-2.2.1/bin:/Users/luxueyan/.rvm/gems/ruby-2.2.1@global/bin:/Users/luxueyan/.rvm/rubies/ruby-2.2.1/bin:/Users/luxueyan/.nvm/versions/node/v4.4.3/bin:/usr/local/bin:/usr/bin:/bin:/usr/sbin:/sbin:/usr/local/share/dotnet:/Users/luxueyan/.rvm/gems/ruby-2.2.1/bin:/Users/luxueyan/.rvm/gems/ruby-2.2.1@global/bin:/Users/luxueyan/.rvm/rubies/ruby-2.2.1/bin:/Applications/node-webkit.app/Contents/MacOS/:/Applications/Sublime Text.app/Contents/SharedSupport/bin:/Applications/Genymotion Shell.app/Contents/MacOS/:/Applications/Genymotion.app/Contents/MacOS/:/usr/local/sbin:/opt/local/bin:/opt/local/sbin:/opt/local/share/man:/Users/luxueyan/work/android-sdk-macosx/tools/:/Users/luxueyan/work/android-sdk-macosx/platform-tools/:/Users/luxueyan/.rvm/bin:/Applications/node-webkit.app/Contents/MacOS/:/Applications/Sublime Text.app/Contents/SharedSupport/bin:/Applications/Genymotion Shell.app/Contents/MacOS/:/Applications/Genymotion.app/Contents/MacOS/:/usr/local/sbin:/opt/local/bin:/opt/local/sbin:/opt/local/share/man:/Users/luxueyan/work/android-sdk-macosx/tools/:/Users/luxueyan/work/android-sdk-macosx/platform-tools/:/Users/luxueyan/.rvm/bin

Yarn version:
  0.18.1

Node version:
  4.4.3

Platform:
  darwin x64

npm manifest:
  {
    "name": "fn-h5-frontend",
    "version": "1.0.0",
    "description": "fengniaosudai weixin",
    "author": "luxueyan <luxueyan@kaitongamc.com>",
    "private": true,
    "scripts": {
      "hooks": "cp pre-commit .git/hooks/ && chmod +x .git/hooks/pre-commit",
      "dev": "node build/dev-server.js",
      "build": "node build/build.js",
      "unit": "cross-env BABEL_ENV=test karma start test/unit/karma.conf.js --single-run",
      "e2e": "node test/e2e/runner.js",
      "test": "npm run unit && npm run e2e",
      "lint": "eslint --ext .js,.vue src test/unit/specs test/e2e/specs"
    },
    "dependencies": {
      "vue": "^2.1.10",
      "vue-router": "^2.2.0"
    },
    "devDependencies": {
      "autoprefixer": "^6.7.2",
      "babel-core": "^6.22.1",
      "babel-eslint": "^7.1.1",
      "babel-loader": "^6.2.10",
      "babel-plugin-transform-runtime": "^6.22.0",
      "babel-preset-es2015": "^6.22.0",
      "babel-preset-stage-2": "^6.22.0",
      "babel-register": "^6.22.0",
      "chalk": "^1.1.3",
      "connect-history-api-fallback": "^1.3.0",
      "css-loader": "^0.26.1",
      "eslint": "^3.14.1",
      "eslint-friendly-formatter": "^2.0.7",
      "eslint-loader": "^1.6.1",
      "eslint-plugin-html": "^2.0.0",
      "eslint-config-standard": "^6.2.1",
      "eslint-plugin-promise": "^3.4.0",
      "eslint-plugin-standard": "^2.0.1",
      "eventsource-polyfill": "^0.9.6",
      "express": "^4.14.1",
      "extract-text-webpack-plugin": "^2.0.0-rc.2",
      "file-loader": "^0.10.0",
      "friendly-errors-webpack-plugin": "^1.1.3",
      "function-bind": "^1.1.0",
      "html-webpack-plugin": "^2.28.0",
      "http-proxy-middleware": "^0.17.3",
      "webpack-bundle-analyzer": "^2.2.1",
      "cross-env": "^3.1.4",
      "karma": "^1.4.1",
      "karma-coverage": "^1.1.1",
      "karma-mocha": "^1.3.0",
      "karma-phantomjs-launcher": "^1.0.2",
      "karma-sinon-chai": "^1.2.4",
      "karma-sourcemap-loader": "^0.3.7",
      "karma-spec-reporter": "0.0.26",
      "karma-webpack": "^2.0.2",
      "lolex": "^1.5.2",
      "mocha": "^3.2.0",
      "chai": "^3.5.0",
      "sinon": "^1.17.7",
      "sinon-chai": "^2.8.0",
      "inject-loader": "^2.0.1",
      "babel-plugin-istanbul": "^3.1.2",
      "phantomjs-prebuilt": "^2.1.14",
      "chromedriver": "^2.27.2",
      "cross-spawn": "^5.0.1",
      "nightwatch": "^0.9.12",
      "selenium-server": "^3.0.1",
      "semver": "^5.3.0",
      "opn": "^4.0.2",
      "ora": "^1.1.0",
      "shelljs": "^0.7.6",
      "url-loader": "^0.5.7",
      "vue-loader": "^10.3.0",
      "vue-style-loader": "^2.0.0",
      "vue-template-compiler": "^2.1.10",
      "webpack": "^2.2.1",
      "webpack-dev-middleware": "^1.10.0",
      "webpack-hot-middleware": "^2.16.1",
      "webpack-merge": "^2.6.1"
    },
    "engines": {
      "node": ">= 4.0.0",
      "npm": ">= 3.0.0"
    }
  }

yarn manifest:
  No manifest

Lockfile:
  No lockfile

Trace:
  Error: http://r.cnpmjs.org/eslint/download/eslint-3.15.0.tgz: unexpected eof
      at decorate (/Users/luxueyan/.nvm/versions/node/v4.4.3/lib/node_modules/yarn/node_modules/fstream/lib/abstract.js:67:36)
      at Extract.Abstract.error (/Users/luxueyan/.nvm/versions/node/v4.4.3/lib/node_modules/yarn/node_modules/fstream/lib/abstract.js:61:12)
      at Extract._streamEnd (/Users/luxueyan/.nvm/versions/node/v4.4.3/lib/node_modules/yarn/node_modules/tar/lib/extract.js:91:35)
      at BlockStream.<anonymous> (/Users/luxueyan/.nvm/versions/node/v4.4.3/lib/node_modules/yarn/node_modules/tar/lib/parse.js:51:8)
      at emitNone (events.js:67:13)
      at BlockStream.emit (events.js:166:7)
      at BlockStream._emitChunk (/Users/luxueyan/.nvm/versions/node/v4.4.3/lib/node_modules/yarn/node_modules/block-stream/block-stream.js:203:10)
      at BlockStream.resume (/Users/luxueyan/.nvm/versions/node/v4.4.3/lib/node_modules/yarn/node_modules/block-stream/block-stream.js:58:15)
      at Extract.Reader.resume (/Users/luxueyan/.nvm/versions/node/v4.4.3/lib/node_modules/yarn/node_modules/fstream/lib/reader.js:249:34)
      at Entry.<anonymous> (/Users/luxueyan/.nvm/versions/node/v4.4.3/lib/node_modules/yarn/node_modules/tar/lib/parse.js:261:8)
